[27326:27326:0705/130146.874063:ERROR:CONSOLE(2)] "Uncaught SecurityError: Failed to read the 'contentDocument' property from 'HTMLIFrameElement': Blocked a frame with origin "https://www.google.co.in" from accessing a frame with origin "chrome-search://most-visited".  The frame requesting access has a protocol of "https", the frame being accessed has a protocol of "chrome-search". Protocols must match.
", source: chrome-extension://laankejkbhbdhmipfmgcngdelahlfoji/core/vendor/jquery.min.js (2)
[27326:27326:0705/130148.992214:ERROR:CONSOLE(2)] "Uncaught SecurityError: Failed to read the 'contentDocument' property from 'HTMLIFrameElement': Blocked a frame with origin "https://www.google.co.in" from accessing a frame with origin "chrome-search://most-visited".  The frame requesting access has a protocol of "https", the frame being accessed has a protocol of "chrome-search". Protocols must match.
", source: chrome-extension://laankejkbhbdhmipfmgcngdelahlfoji/core/vendor/jquery.min.js (2)
[27326:27326:0705/130314.157816:ERROR:CONSOLE(2)] "Uncaught SecurityError: Failed to read the 'contentDocument' property from 'HTMLIFrameElement': Blocked a frame with origin "https://www.google.co.in" from accessing a frame with origin "chrome-search://most-visited".  The frame requesting access has a protocol of "https", the frame being accessed has a protocol of "chrome-search". Protocols must match.
", source: chrome-extension://laankejkbhbdhmipfmgcngdelahlfoji/core/vendor/jquery.min.js (2)
[1:1:0705/130317.711682:ERROR:KeyboardEventManager.cpp(427)] Not implemented reached in static bool blink::KeyboardEventManager::currentCapsLockState()
[27326:27326:0705/130740.191230:ERROR:CONSOLE(2)] "Uncaught SecurityError: Failed to read the 'contentDocument' property from 'HTMLIFrameElement': Blocked a frame with origin "https://www.google.co.in" from accessing a frame with origin "chrome-search://most-visited".  The frame requesting access has a protocol of "https", the frame being accessed has a protocol of "chrome-search". Protocols must match.
", source: chrome-extension://laankejkbhbdhmipfmgcngdelahlfoji/core/vendor/jquery.min.js (2)
[27326:27326:0705/130851.212020:ERROR:CONSOLE(2)] "Uncaught SecurityError: Failed to read the 'contentDocument' property from 'HTMLIFrameElement': Blocked a frame with origin "https://www.google.co.in" from accessing a frame with origin "chrome-search://most-visited".  The frame requesting access has a protocol of "https", the frame being accessed has a protocol of "chrome-search". Protocols must match.
", source: chrome-extension://laankejkbhbdhmipfmgcngdelahlfoji/core/vendor/jquery.min.js (2)
[27326:27326:0705/131004.349363:ERROR:CONSOLE(2)] "Uncaught SecurityError: Failed to read the 'contentDocument' property from 'HTMLIFrameElement': Blocked a frame with origin "https://www.google.co.in" from accessing a frame with origin "chrome-search://most-visited".  The frame requesting access has a protocol of "https", the frame being accessed has a protocol of "chrome-search". Protocols must match.
", source: chrome-extension://laankejkbhbdhmipfmgcngdelahlfoji/core/vendor/jquery.min.js (2)
A Parser-blocking, cross site (i.e. different eTLD+1) script, http://www.google-analytics.com/ga.js, is invoked via document.write. The network request for this script MAY be blocked by the browser in this or a future page load due to poor network connectivity. If blocked in this page load, it will be confirmed in a subsequent console message.See https://www.chromestatus.com/feature/5718547946799104 for more details.
A Parser-blocking, cross site (i.e. different eTLD+1) script, http://www.google-analytics.com/ga.js, is invoked via document.write. The network request for this script MAY be blocked by the browser in this or a future page load due to poor network connectivity. If blocked in this page load, it will be confirmed in a subsequent console message.See https://www.chromestatus.com/feature/5718547946799104 for more details.
[27326:27326:0705/131349.845398:ERROR:CONSOLE(2)] "Uncaught SecurityError: Failed to read the 'contentDocument' property from 'HTMLIFrameElement': Blocked a frame with origin "https://www.google.co.in" from accessing a frame with origin "chrome-search://most-visited".  The frame requesting access has a protocol of "https", the frame being accessed has a protocol of "chrome-search". Protocols must match.
", source: chrome-extension://laankejkbhbdhmipfmgcngdelahlfoji/core/vendor/jquery.min.js (2)
[27326:27326:0705/131418.222094:ERROR:navigation_entry_screenshot_manager.cc(135)] Invalid entry with unique id: 24
[27326:27326:0705/131727.476870:ERROR:CONSOLE(2)] "Uncaught SecurityError: Failed to read the 'contentDocument' property from 'HTMLIFrameElement': Blocked a frame with origin "https://www.google.co.in" from accessing a frame with origin "chrome-search://most-visited".  The frame requesting access has a protocol of "https", the frame being accessed has a protocol of "chrome-search". Protocols must match.
", source: chrome-extension://laankejkbhbdhmipfmgcngdelahlfoji/core/vendor/jquery.min.js (2)
A Parser-blocking, cross site (i.e. different eTLD+1) script, http://www.google-analytics.com/ga.js, is invoked via document.write. The network request for this script MAY be blocked by the browser in this or a future page load due to poor network connectivity. If blocked in this page load, it will be confirmed in a subsequent console message.See https://www.chromestatus.com/feature/5718547946799104 for more details.
A Parser-blocking, cross site (i.e. different eTLD+1) script, http://www.google-analytics.com/ga.js, is invoked via document.write. The network request for this script MAY be blocked by the browser in this or a future page load due to poor network connectivity. If blocked in this page load, it will be confirmed in a subsequent console message.See https://www.chromestatus.com/feature/5718547946799104 for more details.
[27326:27326:0705/131732.709160:ERROR:CONSOLE(2)] "Uncaught SecurityError: Failed to read the 'contentDocument' property from 'HTMLIFrameElement': Blocked a frame with origin "https://www.google.co.in" from accessing a frame with origin "chrome-search://most-visited".  The frame requesting access has a protocol of "https", the frame being accessed has a protocol of "chrome-search". Protocols must match.
", source: chrome-extension://laankejkbhbdhmipfmgcngdelahlfoji/core/vendor/jquery.min.js (2)
A Parser-blocking, cross site (i.e. different eTLD+1) script, http://www.google-analytics.com/ga.js, is invoked via document.write. The network request for this script MAY be blocked by the browser in this or a future page load due to poor network connectivity. If blocked in this page load, it will be confirmed in a subsequent console message.See https://www.chromestatus.com/feature/5718547946799104 for more details.
A Parser-blocking, cross site (i.e. different eTLD+1) script, http://www.google-analytics.com/ga.js, is invoked via document.write. The network request for this script MAY be blocked by the browser in this or a future page load due to poor network connectivity. If blocked in this page load, it will be confirmed in a subsequent console message.See https://www.chromestatus.com/feature/5718547946799104 for more details.
[27413:27413:0705/131904.502653:ERROR:interface_registry.cc(210)] Failed to locate a binder for interface: chrome::mojom::ResourceUsageReporter requested by:  exposed by:  via InterfaceProviderSpec "service_manager:connector".
[27326:27326:0705/133710.014776:ERROR:navigation_entry_screenshot_manager.cc(135)] Invalid entry with unique id: 255
A Parser-blocking, cross site (i.e. different eTLD+1) script, http://cas.criteo.com/delivery/ajs.php?zoneid=372632&nodis=1&cb=30282983382&exclude=undefined&charset=UTF-8&loc=http%3A//www.pythonforbeginners.com/modules-in-python/how-to-use-simplehttpserver/, is invoked via document.write. The network request for this script MAY be blocked by the browser in this or a future page load due to poor network connectivity. If blocked in this page load, it will be confirmed in a subsequent console message.See https://www.chromestatus.com/feature/5718547946799104 for more details.
A Parser-blocking, cross site (i.e. different eTLD+1) script, http://cas.criteo.com/delivery/ajs.php?zoneid=372633&nodis=1&cb=38658993304&exclude=undefined&charset=UTF-8&loc=http%3A//www.pythonforbeginners.com/modules-in-python/how-to-use-simplehttpserver/, is invoked via document.write. The network request for this script MAY be blocked by the browser in this or a future page load due to poor network connectivity. If blocked in this page load, it will be confirmed in a subsequent console message.See https://www.chromestatus.com/feature/5718547946799104 for more details.
[27326:27326:0705/141505.666807:ERROR:navigation_entry_screenshot_manager.cc(135)] Invalid entry with unique id: 406
A Parser-blocking, cross site (i.e. different eTLD+1) script, http://cas.criteo.com/delivery/ajs.php?zoneid=372632&nodis=1&cb=26715522246&exclude=undefined&charset=UTF-8&loc=http%3A//www.pythonforbeginners.com/modules-in-python/how-to-use-simplehttpserver/, is invoked via document.write. The network request for this script MAY be blocked by the browser in this or a future page load due to poor network connectivity. If blocked in this page load, it will be confirmed in a subsequent console message.See https://www.chromestatus.com/feature/5718547946799104 for more details.
A Parser-blocking, cross site (i.e. different eTLD+1) script, http://cas.criteo.com/delivery/ajs.php?zoneid=372633&nodis=1&cb=58724747807&exclude=undefined&charset=UTF-8&loc=http%3A//www.pythonforbeginners.com/modules-in-python/how-to-use-simplehttpserver/, is invoked via document.write. The network request for this script MAY be blocked by the browser in this or a future page load due to poor network connectivity. If blocked in this page load, it will be confirmed in a subsequent console message.See https://www.chromestatus.com/feature/5718547946799104 for more details.
A Parser-blocking, cross site (i.e. different eTLD+1) script, http://cas.criteo.com/delivery/ajs.php?zoneid=372632&nodis=1&cb=12571260986&exclude=undefined&charset=UTF-8&loc=http%3A//www.pythonforbeginners.com/modules-in-python/how-to-use-simplehttpserver/, is invoked via document.write. The network request for this script MAY be blocked by the browser in this or a future page load due to poor network connectivity. If blocked in this page load, it will be confirmed in a subsequent console message.See https://www.chromestatus.com/feature/5718547946799104 for more details.
A Parser-blocking, cross site (i.e. different eTLD+1) script, http://cas.criteo.com/delivery/ajs.php?zoneid=372633&nodis=1&cb=63952392244&exclude=undefined&charset=UTF-8&loc=http%3A//www.pythonforbeginners.com/modules-in-python/how-to-use-simplehttpserver/, is invoked via document.write. The network request for this script MAY be blocked by the browser in this or a future page load due to poor network connectivity. If blocked in this page load, it will be confirmed in a subsequent console message.See https://www.chromestatus.com/feature/5718547946799104 for more details.
[WARNING:flash/platform/pepper/pep_module.cpp(63)] SANDBOXED
couldn't lock 16384 bytes of memory (secret_session): Cannot allocate memory
[27326:27326:0705/161253.160862:ERROR:render_process_host_impl.cc(2094)] Request for unknown Channel-associated interface: device::mojom::ScreenOrientationListener
[27326:27326:0705/161256.304305:ERROR:navigation_entry_screenshot_manager.cc(135)] Invalid entry with unique id: 508
[1:1:0705/161311.265649:ERROR:KeyboardEventManager.cpp(427)] Not implemented reached in static bool blink::KeyboardEventManager::currentCapsLockState()
[27326:27326:0705/162351.610904:ERROR:render_process_host_impl.cc(2094)] Request for unknown Channel-associated interface: device::mojom::ScreenOrientationListener
[27326:27326:0705/180525.121595:ERROR:navigation_entry_screenshot_manager.cc(135)] Invalid entry with unique id: 635
[27326:27326:0705/183406.203614:ERROR:navigation_entry_screenshot_manager.cc(135)] Invalid entry with unique id: 15
[27326:27382:0705/192853.310629:ERROR:connection_factory_impl.cc(386)] Failed to connect to MCS endpoint with error -105
